[debug] [2021-12-08T18:38:00.186Z] ----------------------------------------------------------------------
[debug] [2021-12-08T18:38:00.191Z] Command:       C:\Program Files\nodejs\node.exe C:\Users\roliota\AppData\Roaming\npm\node_modules\firebase-tools\lib\bin\firebase.js deploy
[debug] [2021-12-08T18:38:00.192Z] CLI Version:   9.22.0
[debug] [2021-12-08T18:38:00.192Z] Platform:      win32
[debug] [2021-12-08T18:38:00.192Z] Node Version:  v14.18.1
[debug] [2021-12-08T18:38:00.198Z] Time:          Wed Dec 08 2021 15:38:00 GMT-0300 (Horário Padrão de Brasília)
[debug] [2021-12-08T18:38:00.198Z] ----------------------------------------------------------------------
[debug] 
[debug] [2021-12-08T18:38:00.203Z] >>> [apiv2][query] GET https://firebase-public.firebaseio.com/cli.json [none]
[debug] [2021-12-08T18:38:00.353Z] > command requires scopes: ["email","openid","https://www.googleapis.com/auth/cloudplatformprojects.readonly","https://www.googleapis.com/auth/firebase","https://www.googleapis.com/auth/cloud-platform"]
[debug] [2021-12-08T18:38:00.354Z] > authorizing via signed-in user (rubemoliota@gmail.com)
[debug] [2021-12-08T18:38:00.354Z] [iam] checking project oliota for permissions ["firebase.projects.get","firebasehosting.sites.update"]
[debug] [2021-12-08T18:38:00.357Z] > refreshing access token with scopes: ["email","https://www.googleapis.com/auth/cloud-platform","https://www.googleapis.com/auth/cloudplatformprojects.readonly","https://www.googleapis.com/auth/firebase","openid"]
[debug] [2021-12-08T18:38:00.357Z] >>> HTTP REQUEST POST https://www.googleapis.com/oauth2/v3/token  
 <request body omitted>
[debug] [2021-12-08T18:38:00.992Z] <<< [apiv2][status] GET https://firebase-public.firebaseio.com/cli.json 200
[debug] [2021-12-08T18:38:00.992Z] <<< [apiv2][body] GET https://firebase-public.firebaseio.com/cli.json {"cloudBuildErrorAfter":1594252800000,"cloudBuildWarnAfter":1590019200000,"defaultNode10After":1594252800000,"minVersion":"3.0.5","node8DeploysDisabledAfter":1613390400000,"node8RuntimeDisabledAfter":1615809600000,"node8WarnAfter":1600128000000}
[debug] [2021-12-08T18:38:01.089Z] <<< HTTP RESPONSE 200 {"expires":"Mon, 01 Jan 1990 00:00:00 GMT","date":"Wed, 08 Dec 2021 18:38:01 GMT","pragma":"no-cache","cache-control":"no-cache, no-store, max-age=0, must-revalidate","content-type":"application/json; charset=utf-8","vary":"X-Origin, Referer, Origin,Accept-Encoding","server":"scaffolding on HTTPServer2","x-xss-protection":"0","x-frame-options":"SAMEORIGIN","x-content-type-options":"nosniff","alt-svc":"h3=\":443\"; ma=2592000,h3-29=\":443\"; ma=2592000,h3-Q050=\":443\"; ma=2592000,h3-Q046=\":443\"; ma=2592000,h3-Q043=\":443\"; ma=2592000,quic=\":443\"; ma=2592000; v=\"46,43\"","accept-ranges":"none","transfer-encoding":"chunked"}
[debug] [2021-12-08T18:38:01.101Z] >>> HTTP REQUEST POST https://cloudresourcemanager.googleapis.com/v1/projects/oliota:testIamPermissions  
 {"permissions":["firebase.projects.get","firebasehosting.sites.update"]}
[debug] [2021-12-08T18:38:02.200Z] <<< HTTP RESPONSE 200 {"content-type":"application/json; charset=UTF-8","vary":"X-Origin, Referer, Origin,Accept-Encoding","date":"Wed, 08 Dec 2021 18:38:02 GMT","server":"ESF","cache-control":"private","x-xss-protection":"0","x-frame-options":"SAMEORIGIN","x-content-type-options":"nosniff","server-timing":"gfet4t7; dur=735","alt-svc":"h3=\":443\"; ma=2592000,h3-29=\":443\"; ma=2592000,h3-Q050=\":443\"; ma=2592000,h3-Q046=\":443\"; ma=2592000,h3-Q043=\":443\"; ma=2592000,quic=\":443\"; ma=2592000; v=\"46,43\"","accept-ranges":"none","transfer-encoding":"chunked"}
[debug] [2021-12-08T18:38:02.202Z] > refreshing access token with scopes: []
[debug] [2021-12-08T18:38:02.202Z] >>> HTTP REQUEST POST https://www.googleapis.com/oauth2/v3/token  
 <request body omitted>
[debug] [2021-12-08T18:38:02.501Z] <<< HTTP RESPONSE 200 {"pragma":"no-cache","expires":"Mon, 01 Jan 1990 00:00:00 GMT","date":"Wed, 08 Dec 2021 18:38:02 GMT","cache-control":"no-cache, no-store, max-age=0, must-revalidate","content-type":"application/json; charset=utf-8","vary":"X-Origin, Referer, Origin,Accept-Encoding","server":"scaffolding on HTTPServer2","x-xss-protection":"0","x-frame-options":"SAMEORIGIN","x-content-type-options":"nosniff","alt-svc":"h3=\":443\"; ma=2592000,h3-29=\":443\"; ma=2592000,h3-Q050=\":443\"; ma=2592000,h3-Q046=\":443\"; ma=2592000,h3-Q043=\":443\"; ma=2592000,quic=\":443\"; ma=2592000; v=\"46,43\"","accept-ranges":"none","transfer-encoding":"chunked"}
[debug] [2021-12-08T18:38:02.516Z] >>> [apiv2][query] GET https://firebase.googleapis.com/v1beta1/projects/oliota [none]
[debug] [2021-12-08T18:38:03.894Z] <<< [apiv2][status] GET https://firebase.googleapis.com/v1beta1/projects/oliota 200
[debug] [2021-12-08T18:38:03.894Z] <<< [apiv2][body] GET https://firebase.googleapis.com/v1beta1/projects/oliota {"projectId":"oliota","projectNumber":"956770335052","displayName":"oliota","name":"projects/oliota","resources":{"hostingSite":"oliota","storageBucket":"oliota.appspot.com","locationId":"us-central"},"state":"ACTIVE"}
[info] 
[info] === Deploying to 'oliota'...
[info] 
[info] i  deploying hosting 
[debug] [2021-12-08T18:38:03.902Z] > refreshing access token with scopes: ["email","https://www.googleapis.com/auth/cloud-platform","https://www.googleapis.com/auth/cloudplatformprojects.readonly","https://www.googleapis.com/auth/firebase","openid"]
[debug] [2021-12-08T18:38:03.902Z] >>> HTTP REQUEST POST https://www.googleapis.com/oauth2/v3/token  
 <request body omitted>
